<?xml version="1.0" encoding="UTF-8"?>
<!-- Generated by org.testng.reporters.JUnitReportReporter -->
<testsuite skipped="0" hostname="DESKTOP-LV0877J" name="com.qa.testCases.AllActivitiesTest" tests="6" failures="0" timestamp="17 May 2020 16:16:20 GMT" time="121.593" errors="0">
  <testcase name="rentCarTest" time="15.237" classname="com.qa.testCases.AllActivitiesTest"/>
  <testcase name="selectTableTest" time="10.722" classname="com.qa.testCases.AllActivitiesTest"/>
  <testcase name="selectMenuTest" time="15.904" classname="com.qa.testCases.AllActivitiesTest"/>
  <testcase name="dragAndDropTest" time="19.195" classname="com.qa.testCases.AllActivitiesTest"/>
  <testcase name="contactFormTest" time="15.069" classname="com.qa.testCases.AllActivitiesTest"/>
  <testcase name="datePickerTest" time="45.466" classname="com.qa.testCases.AllActivitiesTest"/>
</testsuite> <!-- com.qa.testCases.AllActivitiesTest -->
